{"E:/Programming/Get/SemanticWeb/WebUI/scripts/qash/test/module.js": {
    "path": "E:/Programming/Get/SemanticWeb/WebUI/scripts/qash/test/module.js",
    "s": {
        "1": 1
    },
    "b": {},
    "f": {
        "1": 1
    },
    "fnMap": {
        "1": {
            "name": "(anonymous_1)",
            "line": 3,
            "loc": {
                "start": {
                    "line": 3,
                    "column": 3
                },
                "end": {
                    "line": 3,
                    "column": 13
                }
            }
        }
    },
    "statementMap": {
        "1": {
            "start": {
                "line": 1,
                "column": 0
            },
            "end": {
                "line": 3,
                "column": 17
            }
        }
    },
    "branchMap": {}
}, "E:/Programming/Get/SemanticWeb/WebUI/scripts/qash/test/unit/module.js": {
    "path": "E:/Programming/Get/SemanticWeb/WebUI/scripts/qash/test/unit/module.js",
    "s": {
        "1": 1
    },
    "b": {},
    "f": {
        "1": 1
    },
    "fnMap": {
        "1": {
            "name": "(anonymous_1)",
            "line": 3,
            "loc": {
                "start": {
                    "line": 3,
                    "column": 3
                },
                "end": {
                    "line": 3,
                    "column": 13
                }
            }
        }
    },
    "statementMap": {
        "1": {
            "start": {
                "line": 1,
                "column": 0
            },
            "end": {
                "line": 3,
                "column": 17
            }
        }
    },
    "branchMap": {}
}, "E:/Programming/Get/SemanticWeb/WebUI/scripts/qash/test/unit/rdf/module.js": {
    "path": "E:/Programming/Get/SemanticWeb/WebUI/scripts/qash/test/unit/rdf/module.js",
    "s": {
        "1": 1
    },
    "b": {},
    "f": {
        "1": 1
    },
    "fnMap": {
        "1": {
            "name": "(anonymous_1)",
            "line": 4,
            "loc": {
                "start": {
                    "line": 4,
                    "column": 3
                },
                "end": {
                    "line": 4,
                    "column": 13
                }
            }
        }
    },
    "statementMap": {
        "1": {
            "start": {
                "line": 1,
                "column": 0
            },
            "end": {
                "line": 4,
                "column": 17
            }
        }
    },
    "branchMap": {}
}, "E:/Programming/Get/SemanticWeb/WebUI/scripts/qash/test/unit/rdf/Graph.js": {
    "path": "E:/Programming/Get/SemanticWeb/WebUI/scripts/qash/test/unit/rdf/Graph.js",
    "s": {
        "1": 1,
        "2": 1,
        "3": 1,
        "4": 1,
        "5": 1,
        "6": 1,
        "7": 1,
        "8": 1,
        "9": 1,
        "10": 1,
        "11": 1,
        "12": 1,
        "13": 1,
        "14": 1,
        "15": 1,
        "16": 1,
        "17": 1,
        "18": 1,
        "19": 1,
        "20": 1,
        "21": 1,
        "22": 1,
        "23": 1,
        "24": 1,
        "25": 1,
        "26": 1,
        "27": 1,
        "28": 9,
        "29": 27,
        "30": 2673,
        "31": 1,
        "32": 1,
        "33": 1,
        "34": 1,
        "35": 1,
        "36": 1,
        "37": 1,
        "38": 1,
        "39": 9,
        "40": 27,
        "41": 2700,
        "42": 1,
        "43": 1,
        "44": 10,
        "45": 10,
        "46": 10,
        "47": 1,
        "48": 1,
        "49": 1,
        "50": 1,
        "51": 1,
        "52": 10,
        "53": 30,
        "54": 3000,
        "55": 1,
        "56": 1,
        "57": 1,
        "58": 1,
        "59": 1,
        "60": 1,
        "61": 1,
        "62": 1,
        "63": 1,
        "64": 1,
        "65": 1,
        "66": 1,
        "67": 1,
        "68": 1,
        "69": 1,
        "70": 1,
        "71": 1,
        "72": 10,
        "73": 30,
        "74": 3000,
        "75": 1,
        "76": 1,
        "77": 101,
        "78": 101,
        "79": 101,
        "80": 1,
        "81": 1,
        "82": 1,
        "83": 1,
        "84": 1,
        "85": 10,
        "86": 30,
        "87": 3000,
        "88": 1,
        "89": 1,
        "90": 1,
        "91": 11,
        "92": 11,
        "93": 1,
        "94": 11,
        "95": 11,
        "96": 11,
        "97": 1,
        "98": 11,
        "99": 11,
        "100": 11,
        "101": 1,
        "102": 11,
        "103": 11,
        "104": 11,
        "105": 1,
        "106": 1,
        "107": 1,
        "108": 1,
        "109": 1,
        "110": 10,
        "111": 30,
        "112": 3000,
        "113": 1,
        "114": 1,
        "115": 11,
        "116": 1111,
        "117": 1111,
        "118": 1111,
        "119": 1,
        "120": 1,
        "121": 1,
        "122": 1,
        "123": 1,
        "124": 10,
        "125": 30,
        "126": 3000,
        "127": 1,
        "128": 1,
        "129": 1,
        "130": 101,
        "131": 101,
        "132": 1,
        "133": 101,
        "134": 101,
        "135": 101,
        "136": 1,
        "137": 101,
        "138": 101,
        "139": 101,
        "140": 1,
        "141": 101,
        "142": 101,
        "143": 101,
        "144": 1,
        "145": 1,
        "146": 1,
        "147": 1,
        "148": 1,
        "149": 10,
        "150": 30,
        "151": 3000,
        "152": 1,
        "153": 1,
        "154": 1,
        "155": 11,
        "156": 1111,
        "157": 1111,
        "158": 1,
        "159": 11,
        "160": 1111,
        "161": 1111,
        "162": 1111,
        "163": 1,
        "164": 11,
        "165": 1111,
        "166": 1111,
        "167": 1111,
        "168": 1,
        "169": 11,
        "170": 1111,
        "171": 1111,
        "172": 1111,
        "173": 1,
        "174": 1,
        "175": 1,
        "176": 1,
        "177": 1,
        "178": 1,
        "179": 1,
        "180": 1,
        "181": 1,
        "182": 1,
        "183": 1,
        "184": 1,
        "185": 1,
        "186": 1,
        "187": 1,
        "188": 1,
        "189": 1,
        "190": 1,
        "191": 1,
        "192": 1,
        "193": 1,
        "194": 2,
        "195": 1,
        "196": 1,
        "197": 1,
        "198": 1,
        "199": 1,
        "200": 1,
        "201": 1,
        "202": 1,
        "203": 3,
        "204": 1,
        "205": 1,
        "206": 1,
        "207": 1,
        "208": 1,
        "209": 1,
        "210": 1,
        "211": 1,
        "212": 2,
        "213": 1,
        "214": 1,
        "215": 1,
        "216": 1,
        "217": 1,
        "218": 1,
        "219": 1,
        "220": 1,
        "221": 1,
        "222": 1,
        "223": 1,
        "224": 1,
        "225": 1,
        "226": 1,
        "227": 1,
        "228": 1,
        "229": 1,
        "230": 1,
        "231": 1,
        "232": 4,
        "233": 1,
        "234": 1,
        "235": 1,
        "236": 2,
        "237": 1,
        "238": 2,
        "239": 1,
        "240": 1,
        "241": 1,
        "242": 1,
        "243": 1,
        "244": 1,
        "245": 1,
        "246": 1,
        "247": 1,
        "248": 1,
        "249": 1,
        "250": 1,
        "251": 4,
        "252": 1,
        "253": 4,
        "254": 1,
        "255": 4,
        "256": 1,
        "257": 4,
        "258": 1,
        "259": 1,
        "260": 1,
        "261": 1,
        "262": 1,
        "263": 1,
        "264": 1,
        "265": 9,
        "266": 27,
        "267": 2673,
        "268": 1,
        "269": 1,
        "270": 1,
        "271": 1,
        "272": 1,
        "273": 1,
        "274": 1,
        "275": 10,
        "276": 30,
        "277": 3000,
        "278": 1,
        "279": 1,
        "280": 10,
        "281": 10,
        "282": 10,
        "283": 1,
        "284": 1,
        "285": 1,
        "286": 1,
        "287": 1,
        "288": 10,
        "289": 30,
        "290": 3000,
        "291": 1,
        "292": 1,
        "293": 1,
        "294": 1,
        "295": 1,
        "296": 1,
        "297": 1,
        "298": 1,
        "299": 1,
        "300": 1,
        "301": 1,
        "302": 1,
        "303": 1,
        "304": 1,
        "305": 1,
        "306": 10,
        "307": 30,
        "308": 3000,
        "309": 1,
        "310": 1,
        "311": 100,
        "312": 100,
        "313": 1,
        "314": 1,
        "315": 1,
        "316": 1,
        "317": 1,
        "318": 10,
        "319": 30,
        "320": 3000,
        "321": 1,
        "322": 1,
        "323": 1,
        "324": 11,
        "325": 11,
        "326": 1,
        "327": 11,
        "328": 1,
        "329": 11,
        "330": 1,
        "331": 11,
        "332": 1,
        "333": 1,
        "334": 1,
        "335": 1,
        "336": 1,
        "337": 10,
        "338": 30,
        "339": 3000,
        "340": 1,
        "341": 1,
        "342": 11,
        "343": 1111,
        "344": 1111,
        "345": 1,
        "346": 1,
        "347": 1,
        "348": 1,
        "349": 1,
        "350": 1,
        "351": 1,
        "352": 1,
        "353": 1,
        "354": 1,
        "355": 2,
        "356": 1,
        "357": 2,
        "358": 1,
        "359": 1,
        "360": 1,
        "361": 1,
        "362": 1,
        "363": 1,
        "364": 1,
        "365": 1,
        "366": 1,
        "367": 1,
        "368": 1,
        "369": 1,
        "370": 1,
        "371": 1,
        "372": 2,
        "373": 1,
        "374": 2,
        "375": 1,
        "376": 1,
        "377": 1,
        "378": 1,
        "379": 1,
        "380": 1,
        "381": 28,
        "382": 1,
        "383": 175344,
        "384": 175318,
        "385": 58448,
        "386": 3,
        "387": 28
    },
    "b": {
        "1": [9, 1],
        "2": [100, 1],
        "3": [10, 1],
        "4": [10, 1],
        "5": [10, 1],
        "6": [1000, 111],
        "7": [1111, 1010],
        "8": [100, 1],
        "9": [100, 1],
        "10": [100, 1],
        "11": [1000, 111],
        "12": [1111, 1010],
        "13": [1000, 111],
        "14": [1111, 1010],
        "15": [1000, 111],
        "16": [1111, 1010],
        "17": [4, 3],
        "18": [1, 1],
        "19": [1, 1],
        "20": [1, 1],
        "21": [1, 3],
        "22": [1, 3],
        "23": [1, 3],
        "24": [1, 3],
        "25": [1, 1, 1, 1],
        "26": [9, 1],
        "27": [99, 1],
        "28": [1000, 111],
        "29": [1111, 1010],
        "30": [1, 1],
        "31": [1, 1],
        "32": [1, 1],
        "33": [1, 1],
        "34": [1, 1],
        "35": [1, 1]
    },
    "f": {
        "1": 1,
        "2": 1,
        "3": 1,
        "4": 1,
        "5": 1,
        "6": 1,
        "7": 1,
        "8": 1,
        "9": 1,
        "10": 1,
        "11": 1,
        "12": 1,
        "13": 1,
        "14": 1,
        "15": 1,
        "16": 1,
        "17": 1,
        "18": 1,
        "19": 1,
        "20": 1,
        "21": 1,
        "22": 1,
        "23": 1,
        "24": 1,
        "25": 2,
        "26": 1,
        "27": 3,
        "28": 1,
        "29": 2,
        "30": 1,
        "31": 1,
        "32": 1,
        "33": 4,
        "34": 2,
        "35": 1,
        "36": 4,
        "37": 1,
        "38": 1,
        "39": 1,
        "40": 1,
        "41": 1,
        "42": 1,
        "43": 1,
        "44": 1,
        "45": 1,
        "46": 1,
        "47": 1,
        "48": 1,
        "49": 1,
        "50": 2,
        "51": 1,
        "52": 2,
        "53": 28,
        "54": 58448,
        "55": 175344,
        "56": 175318,
        "57": 3
    },
    "fnMap": {
        "1": {
            "name": "(anonymous_1)",
            "line": 5,
            "loc": {
                "start": {
                    "line": 5,
                    "column": 3
                },
                "end": {
                    "line": 5,
                    "column": 37
                }
            }
        },
        "2": {
            "name": "(anonymous_2)",
            "line": 11,
            "loc": {
                "start": {
                    "line": 11,
                    "column": 18
                },
                "end": {
                    "line": 11,
                    "column": 32
                }
            }
        },
        "3": {
            "name": "(anonymous_3)",
            "line": 25,
            "loc": {
                "start": {
                    "line": 25,
                    "column": 18
                },
                "end": {
                    "line": 25,
                    "column": 32
                }
            }
        },
        "4": {
            "name": "(anonymous_4)",
            "line": 36,
            "loc": {
                "start": {
                    "line": 36,
                    "column": 18
                },
                "end": {
                    "line": 36,
                    "column": 32
                }
            }
        },
        "5": {
            "name": "(anonymous_5)",
            "line": 55,
            "loc": {
                "start": {
                    "line": 55,
                    "column": 18
                },
                "end": {
                    "line": 55,
                    "column": 32
                }
            }
        },
        "6": {
            "name": "(anonymous_6)",
            "line": 66,
            "loc": {
                "start": {
                    "line": 66,
                    "column": 19
                },
                "end": {
                    "line": 66,
                    "column": 29
                }
            }
        },
        "7": {
            "name": "(anonymous_7)",
            "line": 77,
            "loc": {
                "start": {
                    "line": 77,
                    "column": 18
                },
                "end": {
                    "line": 77,
                    "column": 32
                }
            }
        },
        "8": {
            "name": "(anonymous_8)",
            "line": 89,
            "loc": {
                "start": {
                    "line": 89,
                    "column": 19
                },
                "end": {
                    "line": 89,
                    "column": 29
                }
            }
        },
        "9": {
            "name": "(anonymous_9)",
            "line": 100,
            "loc": {
                "start": {
                    "line": 100,
                    "column": 18
                },
                "end": {
                    "line": 100,
                    "column": 32
                }
            }
        },
        "10": {
            "name": "(anonymous_10)",
            "line": 116,
            "loc": {
                "start": {
                    "line": 116,
                    "column": 19
                },
                "end": {
                    "line": 116,
                    "column": 29
                }
            }
        },
        "11": {
            "name": "(anonymous_11)",
            "line": 127,
            "loc": {
                "start": {
                    "line": 127,
                    "column": 18
                },
                "end": {
                    "line": 127,
                    "column": 32
                }
            }
        },
        "12": {
            "name": "(anonymous_12)",
            "line": 151,
            "loc": {
                "start": {
                    "line": 151,
                    "column": 19
                },
                "end": {
                    "line": 151,
                    "column": 29
                }
            }
        },
        "13": {
            "name": "(anonymous_13)",
            "line": 162,
            "loc": {
                "start": {
                    "line": 162,
                    "column": 18
                },
                "end": {
                    "line": 162,
                    "column": 32
                }
            }
        },
        "14": {
            "name": "(anonymous_14)",
            "line": 178,
            "loc": {
                "start": {
                    "line": 178,
                    "column": 19
                },
                "end": {
                    "line": 178,
                    "column": 29
                }
            }
        },
        "15": {
            "name": "(anonymous_15)",
            "line": 189,
            "loc": {
                "start": {
                    "line": 189,
                    "column": 18
                },
                "end": {
                    "line": 189,
                    "column": 32
                }
            }
        },
        "16": {
            "name": "(anonymous_16)",
            "line": 222,
            "loc": {
                "start": {
                    "line": 222,
                    "column": 19
                },
                "end": {
                    "line": 222,
                    "column": 29
                }
            }
        },
        "17": {
            "name": "(anonymous_17)",
            "line": 233,
            "loc": {
                "start": {
                    "line": 233,
                    "column": 18
                },
                "end": {
                    "line": 233,
                    "column": 32
                }
            }
        },
        "18": {
            "name": "(anonymous_18)",
            "line": 251,
            "loc": {
                "start": {
                    "line": 251,
                    "column": 19
                },
                "end": {
                    "line": 251,
                    "column": 29
                }
            }
        },
        "19": {
            "name": "(anonymous_19)",
            "line": 262,
            "loc": {
                "start": {
                    "line": 262,
                    "column": 18
                },
                "end": {
                    "line": 262,
                    "column": 32
                }
            }
        },
        "20": {
            "name": "(anonymous_20)",
            "line": 295,
            "loc": {
                "start": {
                    "line": 295,
                    "column": 19
                },
                "end": {
                    "line": 295,
                    "column": 29
                }
            }
        },
        "21": {
            "name": "(anonymous_21)",
            "line": 306,
            "loc": {
                "start": {
                    "line": 306,
                    "column": 18
                },
                "end": {
                    "line": 306,
                    "column": 32
                }
            }
        },
        "22": {
            "name": "(anonymous_22)",
            "line": 347,
            "loc": {
                "start": {
                    "line": 347,
                    "column": 18
                },
                "end": {
                    "line": 347,
                    "column": 32
                }
            }
        },
        "23": {
            "name": "(anonymous_23)",
            "line": 358,
            "loc": {
                "start": {
                    "line": 358,
                    "column": 18
                },
                "end": {
                    "line": 358,
                    "column": 32
                }
            }
        },
        "24": {
            "name": "(anonymous_24)",
            "line": 374,
            "loc": {
                "start": {
                    "line": 374,
                    "column": 18
                },
                "end": {
                    "line": 374,
                    "column": 32
                }
            }
        },
        "25": {
            "name": "(anonymous_25)",
            "line": 383,
            "loc": {
                "start": {
                    "line": 383,
                    "column": 26
                },
                "end": {
                    "line": 383,
                    "column": 42
                }
            }
        },
        "26": {
            "name": "(anonymous_26)",
            "line": 394,
            "loc": {
                "start": {
                    "line": 394,
                    "column": 18
                },
                "end": {
                    "line": 394,
                    "column": 32
                }
            }
        },
        "27": {
            "name": "(anonymous_27)",
            "line": 403,
            "loc": {
                "start": {
                    "line": 403,
                    "column": 26
                },
                "end": {
                    "line": 403,
                    "column": 36
                }
            }
        },
        "28": {
            "name": "(anonymous_28)",
            "line": 413,
            "loc": {
                "start": {
                    "line": 413,
                    "column": 18
                },
                "end": {
                    "line": 413,
                    "column": 32
                }
            }
        },
        "29": {
            "name": "(anonymous_29)",
            "line": 422,
            "loc": {
                "start": {
                    "line": 422,
                    "column": 26
                },
                "end": {
                    "line": 422,
                    "column": 42
                }
            }
        },
        "30": {
            "name": "(anonymous_30)",
            "line": 432,
            "loc": {
                "start": {
                    "line": 432,
                    "column": 18
                },
                "end": {
                    "line": 432,
                    "column": 32
                }
            }
        },
        "31": {
            "name": "(anonymous_31)",
            "line": 441,
            "loc": {
                "start": {
                    "line": 441,
                    "column": 26
                },
                "end": {
                    "line": 441,
                    "column": 36
                }
            }
        },
        "32": {
            "name": "(anonymous_32)",
            "line": 451,
            "loc": {
                "start": {
                    "line": 451,
                    "column": 18
                },
                "end": {
                    "line": 451,
                    "column": 32
                }
            }
        },
        "33": {
            "name": "(anonymous_33)",
            "line": 462,
            "loc": {
                "start": {
                    "line": 462,
                    "column": 26
                },
                "end": {
                    "line": 462,
                    "column": 42
                }
            }
        },
        "34": {
            "name": "(anonymous_34)",
            "line": 471,
            "loc": {
                "start": {
                    "line": 471,
                    "column": 34
                },
                "end": {
                    "line": 471,
                    "column": 50
                }
            }
        },
        "35": {
            "name": "(anonymous_35)",
            "line": 487,
            "loc": {
                "start": {
                    "line": 487,
                    "column": 18
                },
                "end": {
                    "line": 487,
                    "column": 32
                }
            }
        },
        "36": {
            "name": "(anonymous_36)",
            "line": 502,
            "loc": {
                "start": {
                    "line": 502,
                    "column": 25
                },
                "end": {
                    "line": 502,
                    "column": 42
                }
            }
        },
        "37": {
            "name": "(anonymous_37)",
            "line": 526,
            "loc": {
                "start": {
                    "line": 526,
                    "column": 19
                },
                "end": {
                    "line": 526,
                    "column": 29
                }
            }
        },
        "38": {
            "name": "(anonymous_38)",
            "line": 537,
            "loc": {
                "start": {
                    "line": 537,
                    "column": 18
                },
                "end": {
                    "line": 537,
                    "column": 32
                }
            }
        },
        "39": {
            "name": "(anonymous_39)",
            "line": 546,
            "loc": {
                "start": {
                    "line": 546,
                    "column": 19
                },
                "end": {
                    "line": 546,
                    "column": 29
                }
            }
        },
        "40": {
            "name": "(anonymous_40)",
            "line": 557,
            "loc": {
                "start": {
                    "line": 557,
                    "column": 18
                },
                "end": {
                    "line": 557,
                    "column": 32
                }
            }
        },
        "41": {
            "name": "(anonymous_41)",
            "line": 573,
            "loc": {
                "start": {
                    "line": 573,
                    "column": 19
                },
                "end": {
                    "line": 573,
                    "column": 29
                }
            }
        },
        "42": {
            "name": "(anonymous_42)",
            "line": 584,
            "loc": {
                "start": {
                    "line": 584,
                    "column": 18
                },
                "end": {
                    "line": 584,
                    "column": 32
                }
            }
        },
        "43": {
            "name": "(anonymous_43)",
            "line": 606,
            "loc": {
                "start": {
                    "line": 606,
                    "column": 19
                },
                "end": {
                    "line": 606,
                    "column": 29
                }
            }
        },
        "44": {
            "name": "(anonymous_44)",
            "line": 617,
            "loc": {
                "start": {
                    "line": 617,
                    "column": 18
                },
                "end": {
                    "line": 617,
                    "column": 32
                }
            }
        },
        "45": {
            "name": "(anonymous_45)",
            "line": 632,
            "loc": {
                "start": {
                    "line": 632,
                    "column": 19
                },
                "end": {
                    "line": 632,
                    "column": 29
                }
            }
        },
        "46": {
            "name": "(anonymous_46)",
            "line": 643,
            "loc": {
                "start": {
                    "line": 643,
                    "column": 18
                },
                "end": {
                    "line": 643,
                    "column": 32
                }
            }
        },
        "47": {
            "name": "(anonymous_47)",
            "line": 670,
            "loc": {
                "start": {
                    "line": 670,
                    "column": 19
                },
                "end": {
                    "line": 670,
                    "column": 29
                }
            }
        },
        "48": {
            "name": "(anonymous_48)",
            "line": 681,
            "loc": {
                "start": {
                    "line": 681,
                    "column": 18
                },
                "end": {
                    "line": 681,
                    "column": 32
                }
            }
        },
        "49": {
            "name": "(anonymous_49)",
            "line": 698,
            "loc": {
                "start": {
                    "line": 698,
                    "column": 18
                },
                "end": {
                    "line": 698,
                    "column": 32
                }
            }
        },
        "50": {
            "name": "(anonymous_50)",
            "line": 713,
            "loc": {
                "start": {
                    "line": 713,
                    "column": 25
                },
                "end": {
                    "line": 713,
                    "column": 42
                }
            }
        },
        "51": {
            "name": "(anonymous_51)",
            "line": 732,
            "loc": {
                "start": {
                    "line": 732,
                    "column": 18
                },
                "end": {
                    "line": 732,
                    "column": 32
                }
            }
        },
        "52": {
            "name": "(anonymous_52)",
            "line": 747,
            "loc": {
                "start": {
                    "line": 747,
                    "column": 25
                },
                "end": {
                    "line": 747,
                    "column": 42
                }
            }
        },
        "53": {
            "name": "(anonymous_53)",
            "line": 764,
            "loc": {
                "start": {
                    "line": 764,
                    "column": 15
                },
                "end": {
                    "line": 764,
                    "column": 29
                }
            }
        },
        "54": {
            "name": "(anonymous_54)",
            "line": 765,
            "loc": {
                "start": {
                    "line": 765,
                    "column": 26
                },
                "end": {
                    "line": 765,
                    "column": 43
                }
            }
        },
        "55": {
            "name": "Node",
            "line": 766,
            "loc": {
                "start": {
                    "line": 766,
                    "column": 16
                },
                "end": {
                    "line": 766,
                    "column": 34
                }
            }
        },
        "56": {
            "name": "(anonymous_56)",
            "line": 768,
            "loc": {
                "start": {
                    "line": 768,
                    "column": 30
                },
                "end": {
                    "line": 768,
                    "column": 40
                }
            }
        },
        "57": {
            "name": "(anonymous_57)",
            "line": 777,
            "loc": {
                "start": {
                    "line": 777,
                    "column": 26
                },
                "end": {
                    "line": 777,
                    "column": 36
                }
            }
        }
    },
    "statementMap": {
        "1": {
            "start": {
                "line": 1,
                "column": 0
            },
            "end": {
                "line": 788,
                "column": 3
            }
        },
        "2": {
            "start": {
                "line": 6,
                "column": 4
            },
            "end": {
                "line": 788,
                "column": 0
            }
        },
        "3": {
            "start": {
                "line": 12,
                "column": 16
            },
            "end": {
                "line": 12,
                "column": 99
            }
        },
        "4": {
            "start": {
                "line": 13,
                "column": 16
            },
            "end": {
                "line": 13,
                "column": 38
            }
        },
        "5": {
            "start": {
                "line": 15,
                "column": 16
            },
            "end": {
                "line": 15,
                "column": 52
            }
        },
        "6": {
            "start": {
                "line": 17,
                "column": 16
            },
            "end": {
                "line": 17,
                "column": 53
            }
        },
        "7": {
            "start": {
                "line": 18,
                "column": 16
            },
            "end": {
                "line": 18,
                "column": 67
            }
        },
        "8": {
            "start": {
                "line": 20,
                "column": 16
            },
            "end": {
                "line": 20,
                "column": 32
            }
        },
        "9": {
            "start": {
                "line": 26,
                "column": 16
            },
            "end": {
                "line": 26,
                "column": 99
            }
        },
        "10": {
            "start": {
                "line": 27,
                "column": 16
            },
            "end": {
                "line": 27,
                "column": 51
            }
        },
        "11": {
            "start": {
                "line": 29,
                "column": 16
            },
            "end": {
                "line": 29,
                "column": 53
            }
        },
        "12": {
            "start": {
                "line": 31,
                "column": 16
            },
            "end": {
                "line": 31,
                "column": 32
            }
        },
        "13": {
            "start": {
                "line": 37,
                "column": 16
            },
            "end": {
                "line": 37,
                "column": 99
            }
        },
        "14": {
            "start": {
                "line": 38,
                "column": 16
            },
            "end": {
                "line": 38,
                "column": 38
            }
        },
        "15": {
            "start": {
                "line": 40,
                "column": 16
            },
            "end": {
                "line": 40,
                "column": 52
            }
        },
        "16": {
            "start": {
                "line": 42,
                "column": 16
            },
            "end": {
                "line": 42,
                "column": 53
            }
        },
        "17": {
            "start": {
                "line": 44,
                "column": 16
            },
            "end": {
                "line": 44,
                "column": 41
            }
        },
        "18": {
            "start": {
                "line": 46,
                "column": 16
            },
            "end": {
                "line": 46,
                "column": 48
            }
        },
        "19": {
            "start": {
                "line": 48,
                "column": 16
            },
            "end": {
                "line": 48,
                "column": 53
            }
        },
        "20": {
            "start": {
                "line": 50,
                "column": 16
            },
            "end": {
                "line": 50,
                "column": 32
            }
        },
        "21": {
            "start": {
                "line": 56,
                "column": 16
            },
            "end": {
                "line": 56,
                "column": 99
            }
        },
        "22": {
            "start": {
                "line": 57,
                "column": 16
            },
            "end": {
                "line": 57,
                "column": 54
            }
        },
        "23": {
            "start": {
                "line": 59,
                "column": 16
            },
            "end": {
                "line": 59,
                "column": 53
            }
        },
        "24": {
            "start": {
                "line": 61,
                "column": 16
            },
            "end": {
                "line": 61,
                "column": 32
            }
        },
        "25": {
            "start": {
                "line": 67,
                "column": 16
            },
            "end": {
                "line": 67,
                "column": 32
            }
        },
        "26": {
            "start": {
                "line": 68,
                "column": 16
            },
            "end": {
                "line": 68,
                "column": 78
            }
        },
        "27": {
            "start": {
                "line": 69,
                "column": 16
            },
            "end": {
                "line": 75,
                "column": 17
            }
        },
        "28": {
            "start": {
                "line": 70,
                "column": 20
            },
            "end": {
                "line": 74,
                "column": 21
            }
        },
        "29": {
            "start": {
                "line": 71,
                "column": 24
            },
            "end": {
                "line": 73,
                "column": 25
            }
        },
        "30": {
            "start": {
                "line": 72,
                "column": 28
            },
            "end": {
                "line": 72,
                "column": 113
            }
        },
        "31": {
            "start": {
                "line": 78,
                "column": 16
            },
            "end": {
                "line": 78,
                "column": 46
            }
        },
        "32": {
            "start": {
                "line": 80,
                "column": 16
            },
            "end": {
                "line": 80,
                "column": 73
            }
        },
        "33": {
            "start": {
                "line": 81,
                "column": 16
            },
            "end": {
                "line": 81,
                "column": 54
            }
        },
        "34": {
            "start": {
                "line": 82,
                "column": 16
            },
            "end": {
                "line": 82,
                "column": 55
            }
        },
        "35": {
            "start": {
                "line": 84,
                "column": 16
            },
            "end": {
                "line": 84,
                "column": 32
            }
        },
        "36": {
            "start": {
                "line": 90,
                "column": 16
            },
            "end": {
                "line": 90,
                "column": 32
            }
        },
        "37": {
            "start": {
                "line": 91,
                "column": 16
            },
            "end": {
                "line": 91,
                "column": 78
            }
        },
        "38": {
            "start": {
                "line": 92,
                "column": 16
            },
            "end": {
                "line": 98,
                "column": 17
            }
        },
        "39": {
            "start": {
                "line": 93,
                "column": 20
            },
            "end": {
                "line": 97,
                "column": 21
            }
        },
        "40": {
            "start": {
                "line": 94,
                "column": 24
            },
            "end": {
                "line": 96,
                "column": 25
            }
        },
        "41": {
            "start": {
                "line": 95,
                "column": 28
            },
            "end": {
                "line": 95,
                "column": 113
            }
        },
        "42": {
            "start": {
                "line": 101,
                "column": 16
            },
            "end": {
                "line": 101,
                "column": 46
            }
        },
        "43": {
            "start": {
                "line": 103,
                "column": 16
            },
            "end": {
                "line": 107,
                "column": 17
            }
        },
        "44": {
            "start": {
                "line": 104,
                "column": 20
            },
            "end": {
                "line": 104,
                "column": 69
            }
        },
        "45": {
            "start": {
                "line": 105,
                "column": 20
            },
            "end": {
                "line": 105,
                "column": 77
            }
        },
        "46": {
            "start": {
                "line": 106,
                "column": 20
            },
            "end": {
                "line": 106,
                "column": 46
            }
        },
        "47": {
            "start": {
                "line": 109,
                "column": 16
            },
            "end": {
                "line": 109,
                "column": 55
            }
        },
        "48": {
            "start": {
                "line": 111,
                "column": 16
            },
            "end": {
                "line": 111,
                "column": 32
            }
        },
        "49": {
            "start": {
                "line": 117,
                "column": 16
            },
            "end": {
                "line": 117,
                "column": 32
            }
        },
        "50": {
            "start": {
                "line": 118,
                "column": 16
            },
            "end": {
                "line": 118,
                "column": 78
            }
        },
        "51": {
            "start": {
                "line": 119,
                "column": 16
            },
            "end": {
                "line": 125,
                "column": 17
            }
        },
        "52": {
            "start": {
                "line": 120,
                "column": 20
            },
            "end": {
                "line": 124,
                "column": 21
            }
        },
        "53": {
            "start": {
                "line": 121,
                "column": 24
            },
            "end": {
                "line": 123,
                "column": 25
            }
        },
        "54": {
            "start": {
                "line": 122,
                "column": 28
            },
            "end": {
                "line": 122,
                "column": 113
            }
        },
        "55": {
            "start": {
                "line": 128,
                "column": 16
            },
            "end": {
                "line": 128,
                "column": 46
            }
        },
        "56": {
            "start": {
                "line": 129,
                "column": 16
            },
            "end": {
                "line": 129,
                "column": 72
            }
        },
        "57": {
            "start": {
                "line": 130,
                "column": 16
            },
            "end": {
                "line": 130,
                "column": 59
            }
        },
        "58": {
            "start": {
                "line": 132,
                "column": 16
            },
            "end": {
                "line": 132,
                "column": 71
            }
        },
        "59": {
            "start": {
                "line": 133,
                "column": 16
            },
            "end": {
                "line": 133,
                "column": 66
            }
        },
        "60": {
            "start": {
                "line": 134,
                "column": 16
            },
            "end": {
                "line": 134,
                "column": 42
            }
        },
        "61": {
            "start": {
                "line": 136,
                "column": 16
            },
            "end": {
                "line": 136,
                "column": 68
            }
        },
        "62": {
            "start": {
                "line": 137,
                "column": 16
            },
            "end": {
                "line": 137,
                "column": 66
            }
        },
        "63": {
            "start": {
                "line": 138,
                "column": 16
            },
            "end": {
                "line": 138,
                "column": 42
            }
        },
        "64": {
            "start": {
                "line": 140,
                "column": 16
            },
            "end": {
                "line": 140,
                "column": 73
            }
        },
        "65": {
            "start": {
                "line": 141,
                "column": 16
            },
            "end": {
                "line": 141,
                "column": 66
            }
        },
        "66": {
            "start": {
                "line": 142,
                "column": 16
            },
            "end": {
                "line": 142,
                "column": 42
            }
        },
        "67": {
            "start": {
                "line": 144,
                "column": 16
            },
            "end": {
                "line": 144,
                "column": 55
            }
        },
        "68": {
            "start": {
                "line": 146,
                "column": 16
            },
            "end": {
                "line": 146,
                "column": 32
            }
        },
        "69": {
            "start": {
                "line": 152,
                "column": 16
            },
            "end": {
                "line": 152,
                "column": 32
            }
        },
        "70": {
            "start": {
                "line": 153,
                "column": 16
            },
            "end": {
                "line": 153,
                "column": 78
            }
        },
        "71": {
            "start": {
                "line": 154,
                "column": 16
            },
            "end": {
                "line": 160,
                "column": 17
            }
        },
        "72": {
            "start": {
                "line": 155,
                "column": 20
            },
            "end": {
                "line": 159,
                "column": 21
            }
        },
        "73": {
            "start": {
                "line": 156,
                "column": 24
            },
            "end": {
                "line": 158,
                "column": 25
            }
        },
        "74": {
            "start": {
                "line": 157,
                "column": 28
            },
            "end": {
                "line": 157,
                "column": 113
            }
        },
        "75": {
            "start": {
                "line": 163,
                "column": 16
            },
            "end": {
                "line": 163,
                "column": 46
            }
        },
        "76": {
            "start": {
                "line": 165,
                "column": 16
            },
            "end": {
                "line": 169,
                "column": 17
            }
        },
        "77": {
            "start": {
                "line": 166,
                "column": 20
            },
            "end": {
                "line": 166,
                "column": 87
            }
        },
        "78": {
            "start": {
                "line": 167,
                "column": 20
            },
            "end": {
                "line": 167,
                "column": 76
            }
        },
        "79": {
            "start": {
                "line": 168,
                "column": 20
            },
            "end": {
                "line": 168,
                "column": 46
            }
        },
        "80": {
            "start": {
                "line": 171,
                "column": 16
            },
            "end": {
                "line": 171,
                "column": 55
            }
        },
        "81": {
            "start": {
                "line": 173,
                "column": 16
            },
            "end": {
                "line": 173,
                "column": 32
            }
        },
        "82": {
            "start": {
                "line": 179,
                "column": 16
            },
            "end": {
                "line": 179,
                "column": 32
            }
        },
        "83": {
            "start": {
                "line": 180,
                "column": 16
            },
            "end": {
                "line": 180,
                "column": 78
            }
        },
        "84": {
            "start": {
                "line": 181,
                "column": 16
            },
            "end": {
                "line": 187,
                "column": 17
            }
        },
        "85": {
            "start": {
                "line": 182,
                "column": 20
            },
            "end": {
                "line": 186,
                "column": 21
            }
        },
        "86": {
            "start": {
                "line": 183,
                "column": 24
            },
            "end": {
                "line": 185,
                "column": 25
            }
        },
        "87": {
            "start": {
                "line": 184,
                "column": 28
            },
            "end": {
                "line": 184,
                "column": 113
            }
        },
        "88": {
            "start": {
                "line": 190,
                "column": 16
            },
            "end": {
                "line": 190,
                "column": 46
            }
        },
        "89": {
            "start": {
                "line": 191,
                "column": 16
            },
            "end": {
                "line": 191,
                "column": 24
            }
        },
        "90": {
            "start": {
                "line": 192,
                "column": 16
            },
            "end": {
                "line": 195,
                "column": 17
            }
        },
        "91": {
            "start": {
                "line": 193,
                "column": 20
            },
            "end": {
                "line": 193,
                "column": 82
            }
        },
        "92": {
            "start": {
                "line": 194,
                "column": 20
            },
            "end": {
                "line": 194,
                "column": 63
            }
        },
        "93": {
            "start": {
                "line": 197,
                "column": 16
            },
            "end": {
                "line": 201,
                "column": 17
            }
        },
        "94": {
            "start": {
                "line": 198,
                "column": 20
            },
            "end": {
                "line": 198,
                "column": 81
            }
        },
        "95": {
            "start": {
                "line": 199,
                "column": 20
            },
            "end": {
                "line": 199,
                "column": 77
            }
        },
        "96": {
            "start": {
                "line": 200,
                "column": 20
            },
            "end": {
                "line": 200,
                "column": 46
            }
        },
        "97": {
            "start": {
                "line": 203,
                "column": 16
            },
            "end": {
                "line": 207,
                "column": 17
            }
        },
        "98": {
            "start": {
                "line": 204,
                "column": 20
            },
            "end": {
                "line": 204,
                "column": 78
            }
        },
        "99": {
            "start": {
                "line": 205,
                "column": 20
            },
            "end": {
                "line": 205,
                "column": 77
            }
        },
        "100": {
            "start": {
                "line": 206,
                "column": 20
            },
            "end": {
                "line": 206,
                "column": 46
            }
        },
        "101": {
            "start": {
                "line": 209,
                "column": 16
            },
            "end": {
                "line": 213,
                "column": 17
            }
        },
        "102": {
            "start": {
                "line": 210,
                "column": 20
            },
            "end": {
                "line": 210,
                "column": 83
            }
        },
        "103": {
            "start": {
                "line": 211,
                "column": 20
            },
            "end": {
                "line": 211,
                "column": 77
            }
        },
        "104": {
            "start": {
                "line": 212,
                "column": 20
            },
            "end": {
                "line": 212,
                "column": 46
            }
        },
        "105": {
            "start": {
                "line": 215,
                "column": 16
            },
            "end": {
                "line": 215,
                "column": 55
            }
        },
        "106": {
            "start": {
                "line": 217,
                "column": 16
            },
            "end": {
                "line": 217,
                "column": 32
            }
        },
        "107": {
            "start": {
                "line": 223,
                "column": 16
            },
            "end": {
                "line": 223,
                "column": 32
            }
        },
        "108": {
            "start": {
                "line": 224,
                "column": 16
            },
            "end": {
                "line": 224,
                "column": 78
            }
        },
        "109": {
            "start": {
                "line": 225,
                "column": 16
            },
            "end": {
                "line": 231,
                "column": 17
            }
        },
        "110": {
            "start": {
                "line": 226,
                "column": 20
            },
            "end": {
                "line": 230,
                "column": 21
            }
        },
        "111": {
            "start": {
                "line": 227,
                "column": 24
            },
            "end": {
                "line": 229,
                "column": 25
            }
        },
        "112": {
            "start": {
                "line": 228,
                "column": 28
            },
            "end": {
                "line": 228,
                "column": 113
            }
        },
        "113": {
            "start": {
                "line": 234,
                "column": 16
            },
            "end": {
                "line": 234,
                "column": 46
            }
        },
        "114": {
            "start": {
                "line": 236,
                "column": 16
            },
            "end": {
                "line": 242,
                "column": 17
            }
        },
        "115": {
            "start": {
                "line": 237,
                "column": 20
            },
            "end": {
                "line": 241,
                "column": 21
            }
        },
        "116": {
            "start": {
                "line": 238,
                "column": 24
            },
            "end": {
                "line": 238,
                "column": 98
            }
        },
        "117": {
            "start": {
                "line": 239,
                "column": 24
            },
            "end": {
                "line": 239,
                "column": 87
            }
        },
        "118": {
            "start": {
                "line": 240,
                "column": 24
            },
            "end": {
                "line": 240,
                "column": 50
            }
        },
        "119": {
            "start": {
                "line": 244,
                "column": 16
            },
            "end": {
                "line": 244,
                "column": 55
            }
        },
        "120": {
            "start": {
                "line": 246,
                "column": 16
            },
            "end": {
                "line": 246,
                "column": 32
            }
        },
        "121": {
            "start": {
                "line": 252,
                "column": 16
            },
            "end": {
                "line": 252,
                "column": 32
            }
        },
        "122": {
            "start": {
                "line": 253,
                "column": 16
            },
            "end": {
                "line": 253,
                "column": 78
            }
        },
        "123": {
            "start": {
                "line": 254,
                "column": 16
            },
            "end": {
                "line": 260,
                "column": 17
            }
        },
        "124": {
            "start": {
                "line": 255,
                "column": 20
            },
            "end": {
                "line": 259,
                "column": 21
            }
        },
        "125": {
            "start": {
                "line": 256,
                "column": 24
            },
            "end": {
                "line": 258,
                "column": 25
            }
        },
        "126": {
            "start": {
                "line": 257,
                "column": 28
            },
            "end": {
                "line": 257,
                "column": 113
            }
        },
        "127": {
            "start": {
                "line": 263,
                "column": 16
            },
            "end": {
                "line": 263,
                "column": 46
            }
        },
        "128": {
            "start": {
                "line": 264,
                "column": 16
            },
            "end": {
                "line": 264,
                "column": 24
            }
        },
        "129": {
            "start": {
                "line": 265,
                "column": 16
            },
            "end": {
                "line": 268,
                "column": 17
            }
        },
        "130": {
            "start": {
                "line": 266,
                "column": 21
            },
            "end": {
                "line": 266,
                "column": 101
            }
        },
        "131": {
            "start": {
                "line": 267,
                "column": 20
            },
            "end": {
                "line": 267,
                "column": 63
            }
        },
        "132": {
            "start": {
                "line": 270,
                "column": 16
            },
            "end": {
                "line": 274,
                "column": 17
            }
        },
        "133": {
            "start": {
                "line": 271,
                "column": 21
            },
            "end": {
                "line": 271,
                "column": 100
            }
        },
        "134": {
            "start": {
                "line": 272,
                "column": 20
            },
            "end": {
                "line": 272,
                "column": 76
            }
        },
        "135": {
            "start": {
                "line": 273,
                "column": 20
            },
            "end": {
                "line": 273,
                "column": 46
            }
        },
        "136": {
            "start": {
                "line": 276,
                "column": 16
            },
            "end": {
                "line": 280,
                "column": 17
            }
        },
        "137": {
            "start": {
                "line": 277,
                "column": 20
            },
            "end": {
                "line": 277,
                "column": 96
            }
        },
        "138": {
            "start": {
                "line": 278,
                "column": 20
            },
            "end": {
                "line": 278,
                "column": 76
            }
        },
        "139": {
            "start": {
                "line": 279,
                "column": 20
            },
            "end": {
                "line": 279,
                "column": 46
            }
        },
        "140": {
            "start": {
                "line": 282,
                "column": 16
            },
            "end": {
                "line": 286,
                "column": 17
            }
        },
        "141": {
            "start": {
                "line": 283,
                "column": 20
            },
            "end": {
                "line": 283,
                "column": 101
            }
        },
        "142": {
            "start": {
                "line": 284,
                "column": 20
            },
            "end": {
                "line": 284,
                "column": 76
            }
        },
        "143": {
            "start": {
                "line": 285,
                "column": 20
            },
            "end": {
                "line": 285,
                "column": 46
            }
        },
        "144": {
            "start": {
                "line": 288,
                "column": 16
            },
            "end": {
                "line": 288,
                "column": 55
            }
        },
        "145": {
            "start": {
                "line": 290,
                "column": 16
            },
            "end": {
                "line": 290,
                "column": 32
            }
        },
        "146": {
            "start": {
                "line": 296,
                "column": 16
            },
            "end": {
                "line": 296,
                "column": 32
            }
        },
        "147": {
            "start": {
                "line": 297,
                "column": 16
            },
            "end": {
                "line": 297,
                "column": 78
            }
        },
        "148": {
            "start": {
                "line": 298,
                "column": 16
            },
            "end": {
                "line": 304,
                "column": 17
            }
        },
        "149": {
            "start": {
                "line": 299,
                "column": 20
            },
            "end": {
                "line": 303,
                "column": 21
            }
        },
        "150": {
            "start": {
                "line": 300,
                "column": 24
            },
            "end": {
                "line": 302,
                "column": 25
            }
        },
        "151": {
            "start": {
                "line": 301,
                "column": 28
            },
            "end": {
                "line": 301,
                "column": 113
            }
        },
        "152": {
            "start": {
                "line": 307,
                "column": 16
            },
            "end": {
                "line": 307,
                "column": 46
            }
        },
        "153": {
            "start": {
                "line": 308,
                "column": 16
            },
            "end": {
                "line": 308,
                "column": 30
            }
        },
        "154": {
            "start": {
                "line": 309,
                "column": 16
            },
            "end": {
                "line": 314,
                "column": 17
            }
        },
        "155": {
            "start": {
                "line": 310,
                "column": 20
            },
            "end": {
                "line": 313,
                "column": 21
            }
        },
        "156": {
            "start": {
                "line": 311,
                "column": 25
            },
            "end": {
                "line": 311,
                "column": 112
            }
        },
        "157": {
            "start": {
                "line": 312,
                "column": 24
            },
            "end": {
                "line": 312,
                "column": 67
            }
        },
        "158": {
            "start": {
                "line": 316,
                "column": 16
            },
            "end": {
                "line": 322,
                "column": 17
            }
        },
        "159": {
            "start": {
                "line": 317,
                "column": 20
            },
            "end": {
                "line": 321,
                "column": 21
            }
        },
        "160": {
            "start": {
                "line": 318,
                "column": 25
            },
            "end": {
                "line": 318,
                "column": 111
            }
        },
        "161": {
            "start": {
                "line": 319,
                "column": 24
            },
            "end": {
                "line": 319,
                "column": 103
            }
        },
        "162": {
            "start": {
                "line": 320,
                "column": 24
            },
            "end": {
                "line": 320,
                "column": 50
            }
        },
        "163": {
            "start": {
                "line": 324,
                "column": 16
            },
            "end": {
                "line": 330,
                "column": 17
            }
        },
        "164": {
            "start": {
                "line": 325,
                "column": 20
            },
            "end": {
                "line": 329,
                "column": 21
            }
        },
        "165": {
            "start": {
                "line": 326,
                "column": 25
            },
            "end": {
                "line": 326,
                "column": 108
            }
        },
        "166": {
            "start": {
                "line": 327,
                "column": 24
            },
            "end": {
                "line": 327,
                "column": 103
            }
        },
        "167": {
            "start": {
                "line": 328,
                "column": 24
            },
            "end": {
                "line": 328,
                "column": 50
            }
        },
        "168": {
            "start": {
                "line": 332,
                "column": 16
            },
            "end": {
                "line": 338,
                "column": 17
            }
        },
        "169": {
            "start": {
                "line": 333,
                "column": 20
            },
            "end": {
                "line": 337,
                "column": 21
            }
        },
        "170": {
            "start": {
                "line": 334,
                "column": 24
            },
            "end": {
                "line": 334,
                "column": 112
            }
        },
        "171": {
            "start": {
                "line": 335,
                "column": 24
            },
            "end": {
                "line": 335,
                "column": 103
            }
        },
        "172": {
            "start": {
                "line": 336,
                "column": 24
            },
            "end": {
                "line": 336,
                "column": 50
            }
        },
        "173": {
            "start": {
                "line": 340,
                "column": 16
            },
            "end": {
                "line": 340,
                "column": 55
            }
        },
        "174": {
            "start": {
                "line": 342,
                "column": 16
            },
            "end": {
                "line": 342,
                "column": 32
            }
        },
        "175": {
            "start": {
                "line": 348,
                "column": 16
            },
            "end": {
                "line": 348,
                "column": 99
            }
        },
        "176": {
            "start": {
                "line": 349,
                "column": 16
            },
            "end": {
                "line": 349,
                "column": 61
            }
        },
        "177": {
            "start": {
                "line": 351,
                "column": 16
            },
            "end": {
                "line": 351,
                "column": 53
            }
        },
        "178": {
            "start": {
                "line": 353,
                "column": 16
            },
            "end": {
                "line": 353,
                "column": 32
            }
        },
        "179": {
            "start": {
                "line": 359,
                "column": 16
            },
            "end": {
                "line": 359,
                "column": 99
            }
        },
        "180": {
            "start": {
                "line": 360,
                "column": 16
            },
            "end": {
                "line": 360,
                "column": 101
            }
        },
        "181": {
            "start": {
                "line": 361,
                "column": 16
            },
            "end": {
                "line": 361,
                "column": 38
            }
        },
        "182": {
            "start": {
                "line": 362,
                "column": 16
            },
            "end": {
                "line": 362,
                "column": 39
            }
        },
        "183": {
            "start": {
                "line": 364,
                "column": 16
            },
            "end": {
                "line": 364,
                "column": 52
            }
        },
        "184": {
            "start": {
                "line": 366,
                "column": 16
            },
            "end": {
                "line": 366,
                "column": 53
            }
        },
        "185": {
            "start": {
                "line": 367,
                "column": 16
            },
            "end": {
                "line": 367,
                "column": 56
            }
        },
        "186": {
            "start": {
                "line": 369,
                "column": 16
            },
            "end": {
                "line": 369,
                "column": 32
            }
        },
        "187": {
            "start": {
                "line": 375,
                "column": 16
            },
            "end": {
                "line": 375,
                "column": 81
            }
        },
        "188": {
            "start": {
                "line": 376,
                "column": 16
            },
            "end": {
                "line": 376,
                "column": 101
            }
        },
        "189": {
            "start": {
                "line": 377,
                "column": 16
            },
            "end": {
                "line": 377,
                "column": 100
            }
        },
        "190": {
            "start": {
                "line": 378,
                "column": 16
            },
            "end": {
                "line": 378,
                "column": 38
            }
        },
        "191": {
            "start": {
                "line": 379,
                "column": 16
            },
            "end": {
                "line": 379,
                "column": 39
            }
        },
        "192": {
            "start": {
                "line": 380,
                "column": 16
            },
            "end": {
                "line": 380,
                "column": 39
            }
        },
        "193": {
            "start": {
                "line": 382,
                "column": 16
            },
            "end": {
                "line": 387,
                "column": 20
            }
        },
        "194": {
            "start": {
                "line": 384,
                "column": 24
            },
            "end": {
                "line": 384,
                "column": 81
            }
        },
        "195": {
            "start": {
                "line": 389,
                "column": 16
            },
            "end": {
                "line": 389,
                "column": 32
            }
        },
        "196": {
            "start": {
                "line": 395,
                "column": 16
            },
            "end": {
                "line": 395,
                "column": 81
            }
        },
        "197": {
            "start": {
                "line": 396,
                "column": 16
            },
            "end": {
                "line": 396,
                "column": 101
            }
        },
        "198": {
            "start": {
                "line": 397,
                "column": 16
            },
            "end": {
                "line": 397,
                "column": 100
            }
        },
        "199": {
            "start": {
                "line": 398,
                "column": 16
            },
            "end": {
                "line": 398,
                "column": 38
            }
        },
        "200": {
            "start": {
                "line": 399,
                "column": 16
            },
            "end": {
                "line": 399,
                "column": 39
            }
        },
        "201": {
            "start": {
                "line": 400,
                "column": 16
            },
            "end": {
                "line": 400,
                "column": 39
            }
        },
        "202": {
            "start": {
                "line": 402,
                "column": 16
            },
            "end": {
                "line": 406,
                "column": 20
            }
        },
        "203": {
            "start": {
                "line": 404,
                "column": 24
            },
            "end": {
                "line": 404,
                "column": 37
            }
        },
        "204": {
            "start": {
                "line": 408,
                "column": 16
            },
            "end": {
                "line": 408,
                "column": 32
            }
        },
        "205": {
            "start": {
                "line": 414,
                "column": 16
            },
            "end": {
                "line": 414,
                "column": 81
            }
        },
        "206": {
            "start": {
                "line": 415,
                "column": 16
            },
            "end": {
                "line": 415,
                "column": 101
            }
        },
        "207": {
            "start": {
                "line": 416,
                "column": 16
            },
            "end": {
                "line": 416,
                "column": 100
            }
        },
        "208": {
            "start": {
                "line": 417,
                "column": 16
            },
            "end": {
                "line": 417,
                "column": 38
            }
        },
        "209": {
            "start": {
                "line": 418,
                "column": 16
            },
            "end": {
                "line": 418,
                "column": 39
            }
        },
        "210": {
            "start": {
                "line": 419,
                "column": 16
            },
            "end": {
                "line": 419,
                "column": 39
            }
        },
        "211": {
            "start": {
                "line": 421,
                "column": 16
            },
            "end": {
                "line": 425,
                "column": 20
            }
        },
        "212": {
            "start": {
                "line": 423,
                "column": 24
            },
            "end": {
                "line": 423,
                "column": 81
            }
        },
        "213": {
            "start": {
                "line": 427,
                "column": 16
            },
            "end": {
                "line": 427,
                "column": 32
            }
        },
        "214": {
            "start": {
                "line": 433,
                "column": 16
            },
            "end": {
                "line": 433,
                "column": 81
            }
        },
        "215": {
            "start": {
                "line": 434,
                "column": 16
            },
            "end": {
                "line": 434,
                "column": 101
            }
        },
        "216": {
            "start": {
                "line": 435,
                "column": 16
            },
            "end": {
                "line": 435,
                "column": 100
            }
        },
        "217": {
            "start": {
                "line": 436,
                "column": 16
            },
            "end": {
                "line": 436,
                "column": 38
            }
        },
        "218": {
            "start": {
                "line": 437,
                "column": 16
            },
            "end": {
                "line": 437,
                "column": 39
            }
        },
        "219": {
            "start": {
                "line": 438,
                "column": 16
            },
            "end": {
                "line": 438,
                "column": 39
            }
        },
        "220": {
            "start": {
                "line": 440,
                "column": 16
            },
            "end": {
                "line": 444,
                "column": 20
            }
        },
        "221": {
            "start": {
                "line": 442,
                "column": 24
            },
            "end": {
                "line": 442,
                "column": 36
            }
        },
        "222": {
            "start": {
                "line": 446,
                "column": 16
            },
            "end": {
                "line": 446,
                "column": 32
            }
        },
        "223": {
            "start": {
                "line": 452,
                "column": 16
            },
            "end": {
                "line": 452,
                "column": 81
            }
        },
        "224": {
            "start": {
                "line": 453,
                "column": 16
            },
            "end": {
                "line": 453,
                "column": 101
            }
        },
        "225": {
            "start": {
                "line": 454,
                "column": 16
            },
            "end": {
                "line": 454,
                "column": 100
[...]
                        "line": 506,
                        "column": 24
                    }
                }
            ]
        },
        "23": {
            "line": 509,
            "type": "if",
            "locations": [
                {
                    "start": {
                        "line": 509,
                        "column": 24
                    },
                    "end": {
                        "line": 509,
                        "column": 24
                    }
                },
                {
                    "start": {
                        "line": 509,
                        "column": 24
                    },
                    "end": {
                        "line": 509,
                        "column": 24
                    }
                }
            ]
        },
        "24": {
            "line": 512,
            "type": "if",
            "locations": [
                {
                    "start": {
                        "line": 512,
                        "column": 24
                    },
                    "end": {
                        "line": 512,
                        "column": 24
                    }
                },
                {
                    "start": {
                        "line": 512,
                        "column": 24
                    },
                    "end": {
                        "line": 512,
                        "column": 24
                    }
                }
            ]
        },
        "25": {
            "line": 519,
            "type": "binary-expr",
            "locations": [
                {
                    "start": {
                        "line": 519,
                        "column": 32
                    },
                    "end": {
                        "line": 519,
                        "column": 40
                    }
                },
                {
                    "start": {
                        "line": 519,
                        "column": 44
                    },
                    "end": {
                        "line": 519,
                        "column": 52
                    }
                },
                {
                    "start": {
                        "line": 519,
                        "column": 56
                    },
                    "end": {
                        "line": 519,
                        "column": 64
                    }
                },
                {
                    "start": {
                        "line": 519,
                        "column": 68
                    },
                    "end": {
                        "line": 519,
                        "column": 76
                    }
                }
            ]
        },
        "26": {
            "line": 562,
            "type": "cond-expr",
            "locations": [
                {
                    "start": {
                        "line": 562,
                        "column": 41
                    },
                    "end": {
                        "line": 562,
                        "column": 44
                    }
                },
                {
                    "start": {
                        "line": 562,
                        "column": 45
                    },
                    "end": {
                        "line": 562,
                        "column": 46
                    }
                }
            ]
        },
        "27": {
            "line": 622,
            "type": "cond-expr",
            "locations": [
                {
                    "start": {
                        "line": 622,
                        "column": 41
                    },
                    "end": {
                        "line": 622,
                        "column": 43
                    }
                },
                {
                    "start": {
                        "line": 622,
                        "column": 44
                    },
                    "end": {
                        "line": 622,
                        "column": 45
                    }
                }
            ]
        },
        "28": {
            "line": 687,
            "type": "cond-expr",
            "locations": [
                {
                    "start": {
                        "line": 687,
                        "column": 53
                    },
                    "end": {
                        "line": 687,
                        "column": 54
                    }
                },
                {
                    "start": {
                        "line": 687,
                        "column": 55
                    },
                    "end": {
                        "line": 687,
                        "column": 56
                    }
                }
            ]
        },
        "29": {
            "line": 687,
            "type": "binary-expr",
            "locations": [
                {
                    "start": {
                        "line": 687,
                        "column": 42
                    },
                    "end": {
                        "line": 687,
                        "column": 45
                    }
                },
                {
                    "start": {
                        "line": 687,
                        "column": 47
                    },
                    "end": {
                        "line": 687,
                        "column": 51
                    }
                }
            ]
        },
        "30": {
            "line": 714,
            "type": "if",
            "locations": [
                {
                    "start": {
                        "line": 714,
                        "column": 24
                    },
                    "end": {
                        "line": 714,
                        "column": 24
                    }
                },
                {
                    "start": {
                        "line": 714,
                        "column": 24
                    },
                    "end": {
                        "line": 714,
                        "column": 24
                    }
                }
            ]
        },
        "31": {
            "line": 717,
            "type": "if",
            "locations": [
                {
                    "start": {
                        "line": 717,
                        "column": 24
                    },
                    "end": {
                        "line": 717,
                        "column": 24
                    }
                },
                {
                    "start": {
                        "line": 717,
                        "column": 24
                    },
                    "end": {
                        "line": 717,
                        "column": 24
                    }
                }
            ]
        },
        "32": {
            "line": 723,
            "type": "binary-expr",
            "locations": [
                {
                    "start": {
                        "line": 723,
                        "column": 32
                    },
                    "end": {
                        "line": 723,
                        "column": 40
                    }
                },
                {
                    "start": {
                        "line": 723,
                        "column": 44
                    },
                    "end": {
                        "line": 723,
                        "column": 52
                    }
                }
            ]
        },
        "33": {
            "line": 748,
            "type": "if",
            "locations": [
                {
                    "start": {
                        "line": 748,
                        "column": 24
                    },
                    "end": {
                        "line": 748,
                        "column": 24
                    }
                },
                {
                    "start": {
                        "line": 748,
                        "column": 24
                    },
                    "end": {
                        "line": 748,
                        "column": 24
                    }
                }
            ]
        },
        "34": {
            "line": 751,
            "type": "if",
            "locations": [
                {
                    "start": {
                        "line": 751,
                        "column": 24
                    },
                    "end": {
                        "line": 751,
                        "column": 24
                    }
                },
                {
                    "start": {
                        "line": 751,
                        "column": 24
                    },
                    "end": {
                        "line": 751,
                        "column": 24
                    }
                }
            ]
        },
        "35": {
            "line": 757,
            "type": "binary-expr",
            "locations": [
                {
                    "start": {
                        "line": 757,
                        "column": 32
                    },
                    "end": {
                        "line": 757,
                        "column": 40
                    }
                },
                {
                    "start": {
                        "line": 757,
                        "column": 44
                    },
                    "end": {
                        "line": 757,
                        "column": 52
                    }
                }
            ]
        }
    }
}, "E:/Programming/Get/SemanticWeb/WebUI/scripts/qash/test/unit/rdf/Triple.js": {
    "path": "E:/Programming/Get/SemanticWeb/WebUI/scripts/qash/test/unit/rdf/Triple.js",
    "s": {
        "1": 1,
        "2": 1,
        "3": 1,
        "4": 1,
        "5": 2673,
        "6": 1,
        "7": 1,
        "8": 1,
        "9": 1,
        "10": 2672,
        "11": 1,
        "12": 1,
        "13": 2673,
        "14": 2673,
        "15": 2673,
        "16": 1,
        "17": 3,
        "18": 24057,
        "19": 16038,
        "20": 16001,
        "21": 3,
        "22": 3,
        "23": 3,
        "24": 27,
        "25": 81,
        "26": 8019,
        "27": 3
    },
    "b": {},
    "f": {
        "1": 1,
        "2": 1,
        "3": 1,
        "4": 1,
        "5": 1,
        "6": 1,
        "7": 3,
        "8": 24057,
        "9": 16038,
        "10": 16001
    },
    "fnMap": {
        "1": {
            "name": "(anonymous_1)",
            "line": 8,
            "loc": {
                "start": {
                    "line": 8,
                    "column": 3
                },
                "end": {
                    "line": 8,
                    "column": 38
                }
            }
        },
        "2": {
            "name": "(anonymous_2)",
            "line": 14,
            "loc": {
                "start": {
                    "line": 14,
                    "column": 19
                },
                "end": {
                    "line": 14,
                    "column": 33
                }
            }
        },
        "3": {
            "name": "(anonymous_3)",
            "line": 17,
            "loc": {
                "start": {
                    "line": 17,
                    "column": 18
                },
                "end": {
                    "line": 17,
                    "column": 32
                }
            }
        },
        "4": {
            "name": "(anonymous_4)",
            "line": 27,
            "loc": {
                "start": {
                    "line": 27,
                    "column": 19
                },
                "end": {
                    "line": 27,
                    "column": 33
                }
            }
        },
        "5": {
            "name": "(anonymous_5)",
            "line": 31,
            "loc": {
                "start": {
                    "line": 31,
                    "column": 18
                },
                "end": {
                    "line": 31,
                    "column": 32
                }
            }
        },
        "6": {
            "name": "(anonymous_6)",
            "line": 41,
            "loc": {
                "start": {
                    "line": 41,
                    "column": 18
                },
                "end": {
                    "line": 41,
                    "column": 32
                }
            }
        },
        "7": {
            "name": "(anonymous_7)",
            "line": 51,
            "loc": {
                "start": {
                    "line": 51,
                    "column": 15
                },
                "end": {
                    "line": 51,
                    "column": 29
                }
            }
        },
        "8": {
            "name": "(anonymous_8)",
            "line": 52,
            "loc": {
                "start": {
                    "line": 52,
                    "column": 27
                },
                "end": {
                    "line": 52,
                    "column": 45
                }
            }
        },
        "9": {
            "name": "(anonymous_9)",
            "line": 55,
            "loc": {
                "start": {
                    "line": 55,
                    "column": 26
                },
                "end": {
                    "line": 55,
                    "column": 36
                }
            }
        },
        "10": {
            "name": "(anonymous_10)",
            "line": 58,
            "loc": {
                "start": {
                    "line": 58,
                    "column": 28
                },
                "end": {
                    "line": 58,
                    "column": 41
                }
            }
        }
    },
    "statementMap": {
        "1": {
            "start": {
                "line": 4,
                "column": 0
            },
            "end": {
                "line": 81,
                "column": 3
            }
        },
        "2": {
            "start": {
                "line": 9,
                "column": 4
            },
            "end": {
                "line": 80,
                "column": 7
            }
        },
        "3": {
            "start": {
                "line": 15,
                "column": 16
            },
            "end": {
                "line": 15,
                "column": 52
            }
        },
        "4": {
            "start": {
                "line": 18,
                "column": 16
            },
            "end": {
                "line": 20,
                "column": 17
            }
        },
        "5": {
            "start": {
                "line": 19,
                "column": 20
            },
            "end": {
                "line": 19,
                "column": 77
            }
        },
        "6": {
            "start": {
                "line": 22,
                "column": 16
            },
            "end": {
                "line": 22,
                "column": 32
            }
        },
        "7": {
            "start": {
                "line": 28,
                "column": 16
            },
            "end": {
                "line": 28,
                "column": 52
            }
        },
        "8": {
            "start": {
                "line": 29,
                "column": 16
            },
            "end": {
                "line": 29,
                "column": 40
            }
        },
        "9": {
            "start": {
                "line": 32,
                "column": 16
            },
            "end": {
                "line": 34,
                "column": 17
            }
        },
        "10": {
            "start": {
                "line": 33,
                "column": 20
            },
            "end": {
                "line": 33,
                "column": 78
            }
        },
        "11": {
            "start": {
                "line": 36,
                "column": 16
            },
            "end": {
                "line": 36,
                "column": 32
            }
        },
        "12": {
            "start": {
                "line": 42,
                "column": 16
            },
            "end": {
                "line": 46,
                "column": 17
            }
        },
        "13": {
            "start": {
                "line": 43,
                "column": 20
            },
            "end": {
                "line": 43,
                "column": 43
            }
        },
        "14": {
            "start": {
                "line": 44,
                "column": 20
            },
            "end": {
                "line": 44,
                "column": 104
            }
        },
        "15": {
            "start": {
                "line": 45,
                "column": 20
            },
            "end": {
                "line": 45,
                "column": 55
            }
        },
        "16": {
            "start": {
                "line": 48,
                "column": 16
            },
            "end": {
                "line": 48,
                "column": 32
            }
        },
        "17": {
            "start": {
                "line": 52,
                "column": 12
            },
            "end": {
                "line": 62,
                "column": 14
            }
        },
        "18": {
            "start": {
                "line": 53,
                "column": 16
            },
            "end": {
                "line": 61,
                "column": 18
            }
        },
        "19": {
            "start": {
                "line": 56,
                "column": 24
            },
            "end": {
                "line": 56,
                "column": 43
            }
        },
        "20": {
            "start": {
                "line": 59,
                "column": 24
            },
            "end": {
                "line": 59,
                "column": 58
            }
        },
        "21": {
            "start": {
                "line": 64,
                "column": 12
            },
            "end": {
                "line": 64,
                "column": 26
            }
        },
        "22": {
            "start": {
                "line": 65,
                "column": 12
            },
            "end": {
                "line": 65,
                "column": 74
            }
        },
        "23": {
            "start": {
                "line": 66,
                "column": 12
            },
            "end": {
                "line": 77,
                "column": 13
            }
        },
        "24": {
            "start": {
                "line": 67,
                "column": 16
            },
            "end": {
                "line": 76,
                "column": 17
            }
        },
        "25": {
            "start": {
                "line": 68,
                "column": 20
            },
            "end": {
                "line": 75,
                "column": 21
            }
        },
        "26": {
            "start": {
                "line": 69,
                "column": 24
            },
            "end": {
                "line": 74,
                "column": 28
            }
        },
        "27": {
            "start": {
                "line": 78,
                "column": 12
            },
            "end": {
                "line": 78,
                "column": 30
            }
        }
    },
    "branchMap": {}
}}