TN:
SF:E:/Programming/Get/SemanticWeb/WebUI/scripts/qash/test/module.js
FN:3,(anonymous_1)
FNF:1
FNH:1
FNDA:1,(anonymous_1)
DA:1,1
LF:1
LH:1
BRF:0
BRH:0
end_of_record
TN:
SF:E:/Programming/Get/SemanticWeb/WebUI/scripts/qash/test/unit/module.js
FN:3,(anonymous_1)
FNF:1
FNH:1
FNDA:1,(anonymous_1)
DA:1,1
LF:1
LH:1
BRF:0
BRH:0
end_of_record
TN:
SF:E:/Programming/Get/SemanticWeb/WebUI/scripts/qash/test/unit/rdf/module.js
FN:4,(anonymous_1)
FNF:1
FNH:1
FNDA:1,(anonymous_1)
DA:1,1
LF:1
LH:1
BRF:0
BRH:0
end_of_record
TN:
SF:E:/Programming/Get/SemanticWeb/WebUI/scripts/qash/test/unit/rdf/Graph.js
FN:5,(anonymous_1)
FN:11,(anonymous_2)
FN:25,(anonymous_3)
FN:36,(anonymous_4)
FN:55,(anonymous_5)
FN:66,(anonymous_6)
FN:77,(anonymous_7)
FN:89,(anonymous_8)
FN:100,(anonymous_9)
FN:116,(anonymous_10)
FN:127,(anonymous_11)
FN:151,(anonymous_12)
FN:162,(anonymous_13)
FN:178,(anonymous_14)
FN:189,(anonymous_15)
FN:222,(anonymous_16)
FN:233,(anonymous_17)
FN:251,(anonymous_18)
FN:262,(anonymous_19)
FN:295,(anonymous_20)
FN:306,(anonymous_21)
FN:347,(anonymous_22)
FN:358,(anonymous_23)
FN:374,(anonymous_24)
FN:383,(anonymous_25)
FN:394,(anonymous_26)
FN:403,(anonymous_27)
FN:413,(anonymous_28)
FN:422,(anonymous_29)
FN:432,(anonymous_30)
FN:441,(anonymous_31)
FN:451,(anonymous_32)
FN:462,(anonymous_33)
FN:471,(anonymous_34)
FN:487,(anonymous_35)
FN:502,(anonymous_36)
FN:526,(anonymous_37)
FN:537,(anonymous_38)
FN:546,(anonymous_39)
FN:557,(anonymous_40)
FN:573,(anonymous_41)
FN:584,(anonymous_42)
FN:606,(anonymous_43)
FN:617,(anonymous_44)
FN:632,(anonymous_45)
FN:643,(anonymous_46)
FN:670,(anonymous_47)
FN:681,(anonymous_48)
FN:698,(anonymous_49)
FN:713,(anonymous_50)
FN:732,(anonymous_51)
FN:747,(anonymous_52)
FN:764,(anonymous_53)
FN:765,(anonymous_54)
FN:766,Node
FN:768,(anonymous_56)
FN:777,(anonymous_57)
FNF:57
FNH:57
FNDA:1,(anonymous_1)
FNDA:1,(anonymous_2)
FNDA:1,(anonymous_3)
FNDA:1,(anonymous_4)
FNDA:1,(anonymous_5)
FNDA:1,(anonymous_6)
FNDA:1,(anonymous_7)
FNDA:1,(anonymous_8)
FNDA:1,(anonymous_9)
FNDA:1,(anonymous_10)
FNDA:1,(anonymous_11)
FNDA:1,(anonymous_12)
FNDA:1,(anonymous_13)
FNDA:1,(anonymous_14)
FNDA:1,(anonymous_15)
FNDA:1,(anonymous_16)
FNDA:1,(anonymous_17)
FNDA:1,(anonymous_18)
FNDA:1,(anonymous_19)
FNDA:1,(anonymous_20)
FNDA:1,(anonymous_21)
FNDA:1,(anonymous_22)
FNDA:1,(anonymous_23)
FNDA:1,(anonymous_24)
FNDA:2,(anonymous_25)
FNDA:1,(anonymous_26)
FNDA:3,(anonymous_27)
FNDA:1,(anonymous_28)
FNDA:2,(anonymous_29)
FNDA:1,(anonymous_30)
FNDA:1,(anonymous_31)
FNDA:1,(anonymous_32)
FNDA:4,(anonymous_33)
FNDA:2,(anonymous_34)
FNDA:1,(anonymous_35)
FNDA:4,(anonymous_36)
FNDA:1,(anonymous_37)
FNDA:1,(anonymous_38)
FNDA:1,(anonymous_39)
FNDA:1,(anonymous_40)
FNDA:1,(anonymous_41)
FNDA:1,(anonymous_42)
FNDA:1,(anonymous_43)
FNDA:1,(anonymous_44)
FNDA:1,(anonymous_45)
FNDA:1,(anonymous_46)
FNDA:1,(anonymous_47)
FNDA:1,(anonymous_48)
FNDA:1,(anonymous_49)
FNDA:2,(anonymous_50)
FNDA:1,(anonymous_51)
FNDA:2,(anonymous_52)
FNDA:28,(anonymous_53)
FNDA:58448,(anonymous_54)
FNDA:175344,Node
FNDA:175318,(anonymous_56)
FNDA:3,(anonymous_57)
DA:1,1
DA:6,1
DA:12,1
DA:13,1
DA:15,1
DA:17,1
DA:18,1
DA:20,1
DA:26,1
DA:27,1
DA:29,1
DA:31,1
DA:37,1
DA:38,1
DA:40,1
DA:42,1
DA:44,1
DA:46,1
DA:48,1
DA:50,1
DA:56,1
DA:57,1
DA:59,1
DA:61,1
DA:67,1
DA:68,1
DA:69,1
DA:70,9
DA:71,27
DA:72,2673
DA:78,1
DA:80,1
DA:81,1
DA:82,1
DA:84,1
DA:90,1
DA:91,1
DA:92,1
DA:93,9
DA:94,27
DA:95,2700
DA:101,1
DA:103,1
DA:104,10
DA:105,10
DA:106,10
DA:109,1
DA:111,1
DA:117,1
DA:118,1
DA:119,1
DA:120,10
DA:121,30
DA:122,3000
DA:128,1
DA:129,1
DA:130,1
DA:132,1
DA:133,1
DA:134,1
DA:136,1
DA:137,1
DA:138,1
DA:140,1
DA:141,1
DA:142,1
DA:144,1
DA:146,1
DA:152,1
DA:153,1
DA:154,1
DA:155,10
DA:156,30
DA:157,3000
DA:163,1
DA:165,1
DA:166,101
DA:167,101
DA:168,101
DA:171,1
DA:173,1
DA:179,1
DA:180,1
DA:181,1
DA:182,10
DA:183,30
DA:184,3000
DA:190,1
DA:191,1
DA:192,1
DA:193,11
DA:194,11
DA:197,1
DA:198,11
DA:199,11
DA:200,11
DA:203,1
DA:204,11
DA:205,11
DA:206,11
DA:209,1
DA:210,11
DA:211,11
DA:212,11
DA:215,1
DA:217,1
DA:223,1
DA:224,1
DA:225,1
DA:226,10
DA:227,30
DA:228,3000
DA:234,1
DA:236,1
DA:237,11
DA:238,1111
DA:239,1111
DA:240,1111
DA:244,1
DA:246,1
DA:252,1
DA:253,1
DA:254,1
DA:255,10
DA:256,30
DA:257,3000
DA:263,1
DA:264,1
DA:265,1
DA:266,101
DA:267,101
DA:270,1
DA:271,101
DA:272,101
DA:273,101
DA:276,1
DA:277,101
DA:278,101
DA:279,101
DA:282,1
DA:283,101
DA:284,101
DA:285,101
DA:288,1
DA:290,1
DA:296,1
DA:297,1
DA:298,1
DA:299,10
DA:300,30
DA:301,3000
DA:307,1
DA:308,1
DA:309,1
DA:310,11
DA:311,1111
DA:312,1111
DA:316,1
DA:317,11
DA:318,1111
DA:319,1111
DA:320,1111
DA:324,1
DA:325,11
DA:326,1111
DA:327,1111
DA:328,1111
DA:332,1
DA:333,11
DA:334,1111
DA:335,1111
DA:336,1111
DA:340,1
DA:342,1
DA:348,1
DA:349,1
DA:351,1
DA:353,1
DA:359,1
DA:360,1
DA:361,1
DA:362,1
DA:364,1
DA:366,1
DA:367,1
DA:369,1
DA:375,1
DA:376,1
DA:377,1
DA:378,1
DA:379,1
DA:380,1
DA:382,1
DA:384,2
DA:389,1
DA:395,1
DA:396,1
DA:397,1
DA:398,1
DA:399,1
DA:400,1
DA:402,1
DA:404,3
DA:408,1
DA:414,1
DA:415,1
DA:416,1
DA:417,1
DA:418,1
DA:419,1
DA:421,1
DA:423,2
DA:427,1
DA:433,1
DA:434,1
DA:435,1
DA:436,1
DA:437,1
DA:438,1
DA:440,1
DA:442,1
DA:446,1
DA:452,1
DA:453,1
DA:454,1
DA:455,1
DA:456,1
DA:457,1
DA:458,1
DA:459,1
DA:461,1
DA:463,4
DA:468,1
DA:470,1
DA:471,1
DA:472,2
DA:473,1
DA:475,2
DA:476,1
DA:480,1
DA:482,1
DA:488,1
DA:489,1
DA:490,1
DA:491,1
DA:492,1
DA:493,1
DA:494,1
DA:495,1
DA:497,1
DA:503,4
DA:504,1
DA:506,4
DA:507,1
DA:509,4
DA:510,1
DA:512,4
DA:513,1
DA:517,1
DA:519,1
DA:521,1
DA:527,1
DA:528,1
DA:529,1
DA:530,9
DA:531,27
DA:532,2673
DA:538,1
DA:539,1
DA:540,1
DA:541,1
DA:547,1
DA:548,1
DA:549,1
DA:550,10
DA:551,30
DA:552,3000
DA:558,1
DA:560,1
DA:561,10
DA:562,10
DA:563,10
DA:566,1
DA:568,1
DA:574,1
DA:575,1
DA:576,1
DA:577,10
DA:578,30
DA:579,3000
DA:585,1
DA:586,1
DA:587,1
DA:588,1
DA:590,1
DA:591,1
DA:593,1
DA:594,1
DA:596,1
DA:597,1
DA:599,1
DA:601,1
DA:607,1
DA:608,1
DA:609,1
DA:610,10
DA:611,30
DA:612,3000
DA:618,1
DA:620,1
DA:621,100
DA:622,100
DA:625,1
DA:627,1
DA:633,1
DA:634,1
DA:635,1
DA:636,10
DA:637,30
DA:638,3000
DA:644,1
DA:645,1
DA:646,1
DA:647,11
DA:648,11
DA:651,1
DA:652,11
DA:655,1
DA:656,11
DA:659,1
DA:660,11
DA:663,1
DA:665,1
DA:671,1
DA:672,1
DA:673,1
DA:674,10
DA:675,30
DA:676,3000
DA:682,1
DA:684,1
DA:685,11
DA:686,1111
DA:687,1111
DA:691,1
DA:693,1
DA:699,1
DA:700,1
DA:701,1
DA:702,1
DA:705,1
DA:707,1
DA:709,1
DA:710,1
DA:714,2
DA:715,1
DA:717,2
DA:718,1
DA:722,1
DA:723,1
DA:724,1
DA:725,1
DA:727,1
DA:733,1
DA:734,1
DA:735,1
DA:736,1
DA:739,1
DA:741,1
DA:743,1
DA:744,1
DA:748,2
DA:749,1
DA:751,2
DA:752,1
DA:756,1
DA:757,1
DA:758,1
DA:759,1
DA:761,1
DA:765,28
DA:766,1
DA:767,175344
DA:769,175318
DA:773,58448
DA:778,3
DA:783,28
LF:387
LH:387
BRDA:105,1,0,9
BRDA:105,1,1,1
BRDA:167,2,0,100
BRDA:167,2,1,1
BRDA:199,3,0,10
BRDA:199,3,1,1
BRDA:205,4,0,10
BRDA:205,4,1,1
BRDA:211,5,0,10
BRDA:211,5,1,1
BRDA:239,6,0,1000
BRDA:239,6,1,111
BRDA:239,7,0,1111
BRDA:239,7,1,1010
BRDA:272,8,0,100
BRDA:272,8,1,1
BRDA:278,9,0,100
BRDA:278,9,1,1
BRDA:284,10,0,100
BRDA:284,10,1,1
BRDA:319,11,0,1000
BRDA:319,11,1,111
BRDA:319,12,0,1111
BRDA:319,12,1,1010
BRDA:327,13,0,1000
BRDA:327,13,1,111
BRDA:327,14,0,1111
BRDA:327,14,1,1010
BRDA:335,15,0,1000
BRDA:335,15,1,111
BRDA:335,16,0,1111
BRDA:335,16,1,1010
BRDA:463,17,0,4
BRDA:463,17,1,3
BRDA:472,18,0,1
BRDA:472,18,1,1
BRDA:475,19,0,1
BRDA:475,19,1,1
BRDA:480,20,0,1
BRDA:480,20,1,1
BRDA:503,21,0,1
BRDA:503,21,1,3
BRDA:506,22,0,1
BRDA:506,22,1,3
BRDA:509,23,0,1
BRDA:509,23,1,3
BRDA:512,24,0,1
BRDA:512,24,1,3
BRDA:519,25,0,1
BRDA:519,25,1,1
BRDA:519,25,2,1
BRDA:519,25,3,1
BRDA:562,26,0,9
BRDA:562,26,1,1
BRDA:622,27,0,99
BRDA:622,27,1,1
BRDA:687,28,0,1000
BRDA:687,28,1,111
BRDA:687,29,0,1111
BRDA:687,29,1,1010
BRDA:714,30,0,1
BRDA:714,30,1,1
BRDA:717,31,0,1
BRDA:717,31,1,1
BRDA:723,32,0,1
BRDA:723,32,1,1
BRDA:748,33,0,1
BRDA:748,33,1,1
BRDA:751,34,0,1
BRDA:751,34,1,1
BRDA:757,35,0,1
BRDA:757,35,1,1
BRF:72
BRH:72
end_of_record
TN:
SF:E:/Programming/Get/SemanticWeb/WebUI/scripts/qash/test/unit/rdf/Triple.js
FN:8,(anonymous_1)
FN:14,(anonymous_2)
FN:17,(anonymous_3)
FN:27,(anonymous_4)
FN:31,(anonymous_5)
FN:41,(anonymous_6)
FN:51,(anonymous_7)
FN:52,(anonymous_8)
FN:55,(anonymous_9)
FN:58,(anonymous_10)
FNF:10
FNH:10
FNDA:1,(anonymous_1)
FNDA:1,(anonymous_2)
FNDA:1,(anonymous_3)
FNDA:1,(anonymous_4)
FNDA:1,(anonymous_5)
FNDA:1,(anonymous_6)
FNDA:3,(anonymous_7)
FNDA:24057,(anonymous_8)
FNDA:16038,(anonymous_9)
FNDA:16001,(anonymous_10)
DA:4,1
DA:9,1
DA:15,1
DA:18,1
DA:19,2673
DA:22,1
DA:28,1
DA:29,1
DA:32,1
DA:33,2672
DA:36,1
DA:42,1
DA:43,2673
DA:44,2673
DA:45,2673
DA:48,1
DA:52,3
DA:53,24057
DA:56,16038
DA:59,16001
DA:64,3
DA:65,3
DA:66,3
DA:67,27
DA:68,81
DA:69,8019
DA:78,3
LF:27
LH:27
BRF:0
BRH:0
end_of_record
